[debug] [2021-01-30T16:10:52.937Z] ----------------------------------------------------------------------
[debug] [2021-01-30T16:10:52.940Z] Command:       C:\Program Files\nodejs\node.exe C:\Users\user\AppData\Roaming\npm\node_modules\firebase-tools\lib\bin\firebase.js emulators:start
[debug] [2021-01-30T16:10:52.941Z] CLI Version:   9.2.1
[debug] [2021-01-30T16:10:52.941Z] Platform:      win32
[debug] [2021-01-30T16:10:52.941Z] Node Version:  v10.16.3
[debug] [2021-01-30T16:10:52.942Z] Time:          Sat Jan 30 2021 17:10:52 GMT+0100 (West Africa Standard Time)
[debug] [2021-01-30T16:10:52.942Z] ----------------------------------------------------------------------
[debug] [2021-01-30T16:10:52.942Z] 
[debug] [2021-01-30T16:10:52.956Z] > command requires scopes: ["email","openid","https://www.googleapis.com/auth/cloudplatformprojects.readonly","https://www.googleapis.com/auth/firebase","https://www.googleapis.com/auth/cloud-platform"]
[debug] [2021-01-30T16:10:52.957Z] > authorizing via signed-in user
[info] i  emulators: Starting emulators: functions, hosting {"metadata":{"emulator":{"name":"hub"},"message":"Starting emulators: functions, hosting"}}
[warn] !  emulators: It seems that you are running multiple instances of the emulator suite for project challenge-530c9. This may result in unexpected behavior. 
[debug] [2021-01-30T16:10:55.046Z] [hub] writing locator at C:\Users\user\AppData\Local\Temp\hub-challenge-530c9.json
[warn] !  functions: The following emulators are not running, calls to these services from the Functions emulator will affect production: auth, firestore, database, pubsub {"metadata":{"emulator":{"name":"functions"},"message":"The following emulators are not running, calls to these services from the Functions emulator will affect production: \u001b[1mauth, firestore, database, pubsub\u001b[22m"}}
[warn] !  Your requested "node" version "12" doesn't match your global version "10" {"metadata":{"emulator":{"name":"functions"},"message":"Your requested \"node\" version \"12\" doesn't match your global version \"10\""}}
[debug] [2021-01-30T16:10:57.238Z] defaultcredentials: writing to file C:\Users\user\AppData\Roaming\firebase\osunkunleolanrewaju_gmail_com_application_default_credentials.json
[debug] [2021-01-30T16:10:57.248Z] Setting GAC to C:\Users\user\AppData\Roaming\firebase\osunkunleolanrewaju_gmail_com_application_default_credentials.json {"metadata":{"emulator":{"name":"functions"},"message":"Setting GAC to C:\\Users\\user\\AppData\\Roaming\\firebase\\osunkunleolanrewaju_gmail_com_application_default_credentials.json"}}
[debug] [2021-01-30T16:10:57.258Z] > refreshing access token with scopes: []
[debug] [2021-01-30T16:10:57.259Z] >>> HTTP REQUEST POST https://www.googleapis.com/oauth2/v3/token  
 <request body omitted>
[debug] [2021-01-30T16:10:57.860Z] <<< HTTP RESPONSE 200 {"pragma":"no-cache","date":"Sat, 30 Jan 2021 16:10:58 GMT","expires":"Mon, 01 Jan 1990 00:00:00 GMT","cache-control":"no-cache, no-store, max-age=0, must-revalidate","content-type":"application/json; charset=utf-8","vary":"X-Origin, Referer, Origin,Accept-Encoding","server":"scaffolding on HTTPServer2","x-xss-protection":"0","x-frame-options":"SAMEORIGIN","x-content-type-options":"nosniff","alt-svc":"h3-29=\":443\"; ma=2592000,h3-T051=\":443\"; ma=2592000,h3-Q050=\":443\"; ma=2592000,h3-Q046=\":443\"; ma=2592000,h3-Q043=\":443\"; ma=2592000,quic=\":443\"; ma=2592000; v=\"46,43\"","accept-ranges":"none","transfer-encoding":"chunked"}
[debug] [2021-01-30T16:10:57.880Z] >>> [apiv2][query] GET https://firebase.googleapis.com/v1beta1/projects/challenge-530c9/adminSdkConfig [none]
[debug] [2021-01-30T16:10:58.681Z] <<< [apiv2][status] GET https://firebase.googleapis.com/v1beta1/projects/challenge-530c9/adminSdkConfig 200
[debug] [2021-01-30T16:10:58.682Z] <<< [apiv2][body] GET https://firebase.googleapis.com/v1beta1/projects/challenge-530c9/adminSdkConfig {"projectId":"challenge-530c9","storageBucket":"challenge-530c9.appspot.com","locationId":"us-central"}
[debug] [2021-01-30T16:11:00.733Z] >>> [apiv2][query] GET https://firebase.googleapis.com/v1beta1/projects/challenge-530c9/webApps/-/config [none]
[debug] [2021-01-30T16:11:01.768Z] <<< [apiv2][status] GET https://firebase.googleapis.com/v1beta1/projects/challenge-530c9/webApps/-/config 200
[debug] [2021-01-30T16:11:01.769Z] <<< [apiv2][body] GET https://firebase.googleapis.com/v1beta1/projects/challenge-530c9/webApps/-/config {"projectId":"challenge-530c9","appId":"1:248601926849:web:cbf00b4e4bca9020670840","storageBucket":"challenge-530c9.appspot.com","locationId":"us-central","apiKey":"AIzaSyDUwf5PofQ_zRBUnnAHXjOZOfx3dZCD2QI","authDomain":"challenge-530c9.firebaseapp.com","messagingSenderId":"248601926849","measurementId":"G-2MTTHPP2RP"}
[info] i  hosting: Serving hosting files from: build {"metadata":{"emulator":{"name":"hosting"},"message":"Serving hosting files from: \u001b[1mbuild\u001b[22m"}}
[info] +  hosting: Local server: http://localhost:5000 {"metadata":{"emulator":{"name":"hosting"},"message":"Local server: \u001b[4m\u001b[1mhttp://localhost:5000\u001b[22m\u001b[24m"}}
[warn] !  ui: Emulator UI unable to start on port 4000, starting on 4002 instead. {"metadata":{"emulator":{"name":"ui"},"message":"Emulator UI unable to start on port 4000, starting on 4002 instead."}}
[debug] [2021-01-30T16:11:03.923Z] Ignoring unsupported arg: auto_download {"metadata":{"emulator":{"name":"ui"},"message":"Ignoring unsupported arg: auto_download"}}
[debug] [2021-01-30T16:11:03.923Z] Ignoring unsupported arg: port {"metadata":{"emulator":{"name":"ui"},"message":"Ignoring unsupported arg: port"}}
[debug] [2021-01-30T16:11:03.923Z] Starting Emulator UI with command {"binary":"node","args":["C:\\Users\\user\\.cache\\firebase\\emulators\\ui-v1.4.1\\server.bundle.js"],"optionalArgs":[],"joinArgs":false} {"metadata":{"emulator":{"name":"ui"},"message":"Starting Emulator UI with command {\"binary\":\"node\",\"args\":[\"C:\\\\Users\\\\user\\\\.cache\\\\firebase\\\\emulators\\\\ui-v1.4.1\\\\server.bundle.js\"],\"optionalArgs\":[],\"joinArgs\":false}"}}
[info] i  ui: Emulator UI logging to ui-debug.log {"metadata":{"emulator":{"name":"ui"},"message":"Emulator UI logging to \u001b[1mui-debug.log\u001b[22m"}}
[debug] [2021-01-30T16:11:04.231Z] Web / API server started at http://localhost:4002
 {"metadata":{"emulator":{"name":"ui"},"message":"Web / API server started at http://localhost:4002\n"}}
[info] i  functions: Watching "C:\Users\user\Desktop\Rtutot\amazon-clone\functions" for Cloud Functions... {"metadata":{"emulator":{"name":"functions"},"message":"Watching \"C:\\Users\\user\\Desktop\\Rtutot\\amazon-clone\\functions\" for Cloud Functions..."}}
[debug] [2021-01-30T16:11:04.535Z] [worker-pool] addWorker(~diagnostic~) {"metadata":{"emulator":{"name":"functions"},"message":"[worker-pool] addWorker(~diagnostic~)"}}
[debug] [2021-01-30T16:11:04.536Z] [worker-pool] Adding worker with key ~diagnostic~, total=1 {"metadata":{"emulator":{"name":"functions"},"message":"[worker-pool] Adding worker with key ~diagnostic~, total=1"}}
[debug] [2021-01-30T16:11:04.537Z] [worker-pool] submitWork(triggerId=) {"metadata":{"emulator":{"name":"functions"},"message":"[worker-pool] submitWork(triggerId=)"}}
[debug] [2021-01-30T16:11:04.539Z] [worker-~diagnostic~-1c0d4011-5160-4551-a10b-c7e5b033f050]: Assigning socketPath: \\?\pipe\C:\Users\user\Desktop\Rtutot\amazon-clone\functions\5564 {"metadata":{"emulator":{"name":"functions"},"message":"[worker-~diagnostic~-1c0d4011-5160-4551-a10b-c7e5b033f050]: Assigning socketPath: \\\\?\\pipe\\C:\\Users\\user\\Desktop\\Rtutot\\amazon-clone\\functions\\5564"}}
[debug] [2021-01-30T16:11:04.541Z] [worker-~diagnostic~-1c0d4011-5160-4551-a10b-c7e5b033f050]: BUSY {"metadata":{"emulator":{"name":"functions"},"message":"[worker-~diagnostic~-1c0d4011-5160-4551-a10b-c7e5b033f050]: BUSY"}}
